<?xml version="1.0" encoding="UTF-8"?>
<testsuite xmlns:xsi="http://www.w3.org/2001/XMLSchema-instance" xsi:noNamespaceSchemaLocation="https://maven.apache.org/surefire/maven-surefire-plugin/xsd/surefire-test-report-3.0.xsd" version="3.0" name="com.asxms.customer.CustomerJDBCDataAccessServiceTest" time="9.155" tests="10" errors="0" skipped="0" failures="0">
  <properties>
    <property name="java.specification.version" value="17"/>
    <property name="sun.cpu.isalist" value="amd64"/>
    <property name="sun.jnu.encoding" value="Cp1252"/>
    <property name="java.class.path" value="C:\Users\ahmed\OneDrive\Bureau\Apps\CODE\Java\fs-pro-dev\target\test-classes;C:\Users\ahmed\OneDrive\Bureau\Apps\CODE\Java\fs-pro-dev\target\classes;C:\Users\ahmed\.m2\repository\org\springframework\boot\spring-boot-starter-web\3.2.2\spring-boot-starter-web-3.2.2.jar;C:\Users\ahmed\.m2\repository\org\springframework\boot\spring-boot-starter\3.2.2\spring-boot-starter-3.2.2.jar;C:\Users\ahmed\.m2\repository\org\springframework\boot\spring-boot\3.2.2\spring-boot-3.2.2.jar;C:\Users\ahmed\.m2\repository\org\springframework\boot\spring-boot-autoconfigure\3.2.2\spring-boot-autoconfigure-3.2.2.jar;C:\Users\ahmed\.m2\repository\org\springframework\boot\spring-boot-starter-logging\3.2.2\spring-boot-starter-logging-3.2.2.jar;C:\Users\ahmed\.m2\repository\ch\qos\logback\logback-classic\1.4.14\logback-classic-1.4.14.jar;C:\Users\ahmed\.m2\repository\ch\qos\logback\logback-core\1.4.14\logback-core-1.4.14.jar;C:\Users\ahmed\.m2\repository\org\apache\logging\log4j\log4j-to-slf4j\2.21.1\log4j-to-slf4j-2.21.1.jar;C:\Users\ahmed\.m2\repository\org\apache\logging\log4j\log4j-api\2.21.1\log4j-api-2.21.1.jar;C:\Users\ahmed\.m2\repository\org\slf4j\jul-to-slf4j\2.0.11\jul-to-slf4j-2.0.11.jar;C:\Users\ahmed\.m2\repository\jakarta\annotation\jakarta.annotation-api\2.1.1\jakarta.annotation-api-2.1.1.jar;C:\Users\ahmed\.m2\repository\org\yaml\snakeyaml\2.2\snakeyaml-2.2.jar;C:\Users\ahmed\.m2\repository\org\springframework\boot\spring-boot-starter-json\3.2.2\spring-boot-starter-json-3.2.2.jar;C:\Users\ahmed\.m2\repository\com\fasterxml\jackson\core\jackson-databind\2.15.3\jackson-databind-2.15.3.jar;C:\Users\ahmed\.m2\repository\com\fasterxml\jackson\datatype\jackson-datatype-jdk8\2.15.3\jackson-datatype-jdk8-2.15.3.jar;C:\Users\ahmed\.m2\repository\com\fasterxml\jackson\datatype\jackson-datatype-jsr310\2.15.3\jackson-datatype-jsr310-2.15.3.jar;C:\Users\ahmed\.m2\repository\com\fasterxml\jackson\module\jackson-module-parameter-names\2.15.3\jackson-module-parameter-names-2.15.3.jar;C:\Users\ahmed\.m2\repository\org\springframework\boot\spring-boot-starter-tomcat\3.2.2\spring-boot-starter-tomcat-3.2.2.jar;C:\Users\ahmed\.m2\repository\org\apache\tomcat\embed\tomcat-embed-core\10.1.18\tomcat-embed-core-10.1.18.jar;C:\Users\ahmed\.m2\repository\org\apache\tomcat\embed\tomcat-embed-el\10.1.18\tomcat-embed-el-10.1.18.jar;C:\Users\ahmed\.m2\repository\org\apache\tomcat\embed\tomcat-embed-websocket\10.1.18\tomcat-embed-websocket-10.1.18.jar;C:\Users\ahmed\.m2\repository\org\springframework\spring-web\6.1.3\spring-web-6.1.3.jar;C:\Users\ahmed\.m2\repository\org\springframework\spring-beans\6.1.3\spring-beans-6.1.3.jar;C:\Users\ahmed\.m2\repository\io\micrometer\micrometer-observation\1.12.2\micrometer-observation-1.12.2.jar;C:\Users\ahmed\.m2\repository\io\micrometer\micrometer-commons\1.12.2\micrometer-commons-1.12.2.jar;C:\Users\ahmed\.m2\repository\org\springframework\spring-webmvc\6.1.3\spring-webmvc-6.1.3.jar;C:\Users\ahmed\.m2\repository\org\springframework\spring-aop\6.1.3\spring-aop-6.1.3.jar;C:\Users\ahmed\.m2\repository\org\springframework\spring-context\6.1.3\spring-context-6.1.3.jar;C:\Users\ahmed\.m2\repository\org\springframework\spring-expression\6.1.3\spring-expression-6.1.3.jar;C:\Users\ahmed\.m2\repository\org\springframework\boot\spring-boot-starter-test\3.2.2\spring-boot-starter-test-3.2.2.jar;C:\Users\ahmed\.m2\repository\org\springframework\boot\spring-boot-test\3.2.2\spring-boot-test-3.2.2.jar;C:\Users\ahmed\.m2\repository\org\springframework\boot\spring-boot-test-autoconfigure\3.2.2\spring-boot-test-autoconfigure-3.2.2.jar;C:\Users\ahmed\.m2\repository\com\jayway\jsonpath\json-path\2.8.0\json-path-2.8.0.jar;C:\Users\ahmed\.m2\repository\jakarta\xml\bind\jakarta.xml.bind-api\4.0.1\jakarta.xml.bind-api-4.0.1.jar;C:\Users\ahmed\.m2\repository\jakarta\activation\jakarta.activation-api\2.1.2\jakarta.activation-api-2.1.2.jar;C:\Users\ahmed\.m2\repository\net\minidev\json-smart\2.5.0\json-smart-2.5.0.jar;C:\Users\ahmed\.m2\repository\net\minidev\accessors-smart\2.5.0\accessors-smart-2.5.0.jar;C:\Users\ahmed\.m2\repository\org\ow2\asm\asm\9.3\asm-9.3.jar;C:\Users\ahmed\.m2\repository\org\assertj\assertj-core\3.24.2\assertj-core-3.24.2.jar;C:\Users\ahmed\.m2\repository\net\bytebuddy\byte-buddy\1.14.11\byte-buddy-1.14.11.jar;C:\Users\ahmed\.m2\repository\org\awaitility\awaitility\4.2.0\awaitility-4.2.0.jar;C:\Users\ahmed\.m2\repository\org\hamcrest\hamcrest\2.2\hamcrest-2.2.jar;C:\Users\ahmed\.m2\repository\org\junit\jupiter\junit-jupiter\5.10.1\junit-jupiter-5.10.1.jar;C:\Users\ahmed\.m2\repository\org\junit\jupiter\junit-jupiter-api\5.10.1\junit-jupiter-api-5.10.1.jar;C:\Users\ahmed\.m2\repository\org\opentest4j\opentest4j\1.3.0\opentest4j-1.3.0.jar;C:\Users\ahmed\.m2\repository\org\junit\platform\junit-platform-commons\1.10.1\junit-platform-commons-1.10.1.jar;C:\Users\ahmed\.m2\repository\org\apiguardian\apiguardian-api\1.1.2\apiguardian-api-1.1.2.jar;C:\Users\ahmed\.m2\repository\org\junit\jupiter\junit-jupiter-params\5.10.1\junit-jupiter-params-5.10.1.jar;C:\Users\ahmed\.m2\repository\org\junit\jupiter\junit-jupiter-engine\5.10.1\junit-jupiter-engine-5.10.1.jar;C:\Users\ahmed\.m2\repository\org\junit\platform\junit-platform-engine\1.10.1\junit-platform-engine-1.10.1.jar;C:\Users\ahmed\.m2\repository\org\mockito\mockito-core\5.7.0\mockito-core-5.7.0.jar;C:\Users\ahmed\.m2\repository\net\bytebuddy\byte-buddy-agent\1.14.11\byte-buddy-agent-1.14.11.jar;C:\Users\ahmed\.m2\repository\org\objenesis\objenesis\3.3\objenesis-3.3.jar;C:\Users\ahmed\.m2\repository\org\mockito\mockito-junit-jupiter\5.7.0\mockito-junit-jupiter-5.7.0.jar;C:\Users\ahmed\.m2\repository\org\skyscreamer\jsonassert\1.5.1\jsonassert-1.5.1.jar;C:\Users\ahmed\.m2\repository\com\vaadin\external\google\android-json\0.0.20131108.vaadin1\android-json-0.0.20131108.vaadin1.jar;C:\Users\ahmed\.m2\repository\org\springframework\spring-core\6.1.3\spring-core-6.1.3.jar;C:\Users\ahmed\.m2\repository\org\springframework\spring-jcl\6.1.3\spring-jcl-6.1.3.jar;C:\Users\ahmed\.m2\repository\org\springframework\spring-test\6.1.3\spring-test-6.1.3.jar;C:\Users\ahmed\.m2\repository\org\xmlunit\xmlunit-core\2.9.1\xmlunit-core-2.9.1.jar;C:\Users\ahmed\.m2\repository\org\springframework\boot\spring-boot-starter-data-jdbc\3.2.2\spring-boot-starter-data-jdbc-3.2.2.jar;C:\Users\ahmed\.m2\repository\org\springframework\boot\spring-boot-starter-jdbc\3.2.2\spring-boot-starter-jdbc-3.2.2.jar;C:\Users\ahmed\.m2\repository\com\zaxxer\HikariCP\5.0.1\HikariCP-5.0.1.jar;C:\Users\ahmed\.m2\repository\org\springframework\spring-jdbc\6.1.3\spring-jdbc-6.1.3.jar;C:\Users\ahmed\.m2\repository\org\springframework\data\spring-data-jdbc\3.2.2\spring-data-jdbc-3.2.2.jar;C:\Users\ahmed\.m2\repository\org\springframework\data\spring-data-relational\3.2.2\spring-data-relational-3.2.2.jar;C:\Users\ahmed\.m2\repository\com\github\jsqlparser\jsqlparser\4.6\jsqlparser-4.6.jar;C:\Users\ahmed\.m2\repository\org\springframework\data\spring-data-commons\3.2.2\spring-data-commons-3.2.2.jar;C:\Users\ahmed\.m2\repository\org\springframework\spring-tx\6.1.3\spring-tx-6.1.3.jar;C:\Users\ahmed\.m2\repository\org\flywaydb\flyway-core\9.22.3\flyway-core-9.22.3.jar;C:\Users\ahmed\.m2\repository\com\fasterxml\jackson\dataformat\jackson-dataformat-toml\2.15.3\jackson-dataformat-toml-2.15.3.jar;C:\Users\ahmed\.m2\repository\com\fasterxml\jackson\core\jackson-core\2.15.3\jackson-core-2.15.3.jar;C:\Users\ahmed\.m2\repository\com\google\code\gson\gson\2.10.1\gson-2.10.1.jar;C:\Users\ahmed\.m2\repository\org\postgresql\postgresql\42.6.0\postgresql-42.6.0.jar;C:\Users\ahmed\.m2\repository\org\checkerframework\checker-qual\3.31.0\checker-qual-3.31.0.jar;C:\Users\ahmed\.m2\repository\com\github\javafaker\javafaker\1.0.2\javafaker-1.0.2.jar;C:\Users\ahmed\.m2\repository\org\apache\commons\commons-lang3\3.13.0\commons-lang3-3.13.0.jar;C:\Users\ahmed\.m2\repository\org\yaml\snakeyaml\1.23\snakeyaml-1.23-android.jar;C:\Users\ahmed\.m2\repository\com\github\mifmif\generex\1.0.2\generex-1.0.2.jar;C:\Users\ahmed\.m2\repository\dk\brics\automaton\automaton\1.11-8\automaton-1.11-8.jar;C:\Users\ahmed\.m2\repository\org\springframework\boot\spring-boot-starter-data-jpa\3.2.2\spring-boot-starter-data-jpa-3.2.2.jar;C:\Users\ahmed\.m2\repository\org\springframework\boot\spring-boot-starter-aop\3.2.2\spring-boot-starter-aop-3.2.2.jar;C:\Users\ahmed\.m2\repository\org\aspectj\aspectjweaver\1.9.21\aspectjweaver-1.9.21.jar;C:\Users\ahmed\.m2\repository\org\hibernate\orm\hibernate-core\6.4.1.Final\hibernate-core-6.4.1.Final.jar;C:\Users\ahmed\.m2\repository\jakarta\persistence\jakarta.persistence-api\3.1.0\jakarta.persistence-api-3.1.0.jar;C:\Users\ahmed\.m2\repository\jakarta\transaction\jakarta.transaction-api\2.0.1\jakarta.transaction-api-2.0.1.jar;C:\Users\ahmed\.m2\repository\org\jboss\logging\jboss-logging\3.5.3.Final\jboss-logging-3.5.3.Final.jar;C:\Users\ahmed\.m2\repository\org\hibernate\common\hibernate-commons-annotations\6.0.6.Final\hibernate-commons-annotations-6.0.6.Final.jar;C:\Users\ahmed\.m2\repository\io\smallrye\jandex\3.1.2\jandex-3.1.2.jar;C:\Users\ahmed\.m2\repository\com\fasterxml\classmate\1.6.0\classmate-1.6.0.jar;C:\Users\ahmed\.m2\repository\org\glassfish\jaxb\jaxb-runtime\4.0.4\jaxb-runtime-4.0.4.jar;C:\Users\ahmed\.m2\repository\org\glassfish\jaxb\jaxb-core\4.0.4\jaxb-core-4.0.4.jar;C:\Users\ahmed\.m2\repository\org\eclipse\angus\angus-activation\2.0.1\angus-activation-2.0.1.jar;C:\Users\ahmed\.m2\repository\org\glassfish\jaxb\txw2\4.0.4\txw2-4.0.4.jar;C:\Users\ahmed\.m2\repository\com\sun\istack\istack-commons-runtime\4.1.2\istack-commons-runtime-4.1.2.jar;C:\Users\ahmed\.m2\repository\jakarta\inject\jakarta.inject-api\2.0.1\jakarta.inject-api-2.0.1.jar;C:\Users\ahmed\.m2\repository\org\antlr\antlr4-runtime\4.13.0\antlr4-runtime-4.13.0.jar;C:\Users\ahmed\.m2\repository\org\springframework\data\spring-data-jpa\3.2.2\spring-data-jpa-3.2.2.jar;C:\Users\ahmed\.m2\repository\org\springframework\spring-orm\6.1.3\spring-orm-6.1.3.jar;C:\Users\ahmed\.m2\repository\org\springframework\spring-aspects\6.1.3\spring-aspects-6.1.3.jar;C:\Users\ahmed\.m2\repository\org\testcontainers\testcontainers\1.17.6\testcontainers-1.17.6.jar;C:\Users\ahmed\.m2\repository\junit\junit\4.13.2\junit-4.13.2.jar;C:\Users\ahmed\.m2\repository\org\hamcrest\hamcrest-core\2.2\hamcrest-core-2.2.jar;C:\Users\ahmed\.m2\repository\org\slf4j\slf4j-api\2.0.11\slf4j-api-2.0.11.jar;C:\Users\ahmed\.m2\repository\org\apache\commons\commons-compress\1.22\commons-compress-1.22.jar;C:\Users\ahmed\.m2\repository\org\rnorth\duct-tape\duct-tape\1.0.8\duct-tape-1.0.8.jar;C:\Users\ahmed\.m2\repository\org\jetbrains\annotations\17.0.0\annotations-17.0.0.jar;C:\Users\ahmed\.m2\repository\com\github\docker-java\docker-java-api\3.2.13\docker-java-api-3.2.13.jar;C:\Users\ahmed\.m2\repository\com\fasterxml\jackson\core\jackson-annotations\2.15.3\jackson-annotations-2.15.3.jar;C:\Users\ahmed\.m2\repository\com\github\docker-java\docker-java-transport-zerodep\3.2.13\docker-java-transport-zerodep-3.2.13.jar;C:\Users\ahmed\.m2\repository\com\github\docker-java\docker-java-transport\3.2.13\docker-java-transport-3.2.13.jar;C:\Users\ahmed\.m2\repository\net\java\dev\jna\jna\5.8.0\jna-5.8.0.jar;C:\Users\ahmed\.m2\repository\org\testcontainers\junit-jupiter\1.19.4\junit-jupiter-1.19.4.jar;C:\Users\ahmed\.m2\repository\org\testcontainers\postgresql\1.17.6\postgresql-1.17.6.jar;C:\Users\ahmed\.m2\repository\org\testcontainers\jdbc\1.19.3\jdbc-1.19.3.jar;C:\Users\ahmed\.m2\repository\org\testcontainers\database-commons\1.19.3\database-commons-1.19.3.jar;C:\Users\ahmed\.m2\repository\org\springframework\boot\spring-boot-starter-webflux\3.2.2\spring-boot-starter-webflux-3.2.2.jar;C:\Users\ahmed\.m2\repository\org\springframework\boot\spring-boot-starter-reactor-netty\3.2.2\spring-boot-starter-reactor-netty-3.2.2.jar;C:\Users\ahmed\.m2\repository\io\projectreactor\netty\reactor-netty-http\1.1.15\reactor-netty-http-1.1.15.jar;C:\Users\ahmed\.m2\repository\io\netty\netty-codec-http\4.1.105.Final\netty-codec-http-4.1.105.Final.jar;C:\Users\ahmed\.m2\repository\io\netty\netty-common\4.1.105.Final\netty-common-4.1.105.Final.jar;C:\Users\ahmed\.m2\repository\io\netty\netty-buffer\4.1.105.Final\netty-buffer-4.1.105.Final.jar;C:\Users\ahmed\.m2\repository\io\netty\netty-transport\4.1.105.Final\netty-transport-4.1.105.Final.jar;C:\Users\ahmed\.m2\repository\io\netty\netty-codec\4.1.105.Final\netty-codec-4.1.105.Final.jar;C:\Users\ahmed\.m2\repository\io\netty\netty-handler\4.1.105.Final\netty-handler-4.1.105.Final.jar;C:\Users\ahmed\.m2\repository\io\netty\netty-codec-http2\4.1.105.Final\netty-codec-http2-4.1.105.Final.jar;C:\Users\ahmed\.m2\repository\io\netty\netty-resolver-dns\4.1.105.Final\netty-resolver-dns-4.1.105.Final.jar;C:\Users\ahmed\.m2\repository\io\netty\netty-resolver\4.1.105.Final\netty-resolver-4.1.105.Final.jar;C:\Users\ahmed\.m2\repository\io\netty\netty-codec-dns\4.1.105.Final\netty-codec-dns-4.1.105.Final.jar;C:\Users\ahmed\.m2\repository\io\netty\netty-resolver-dns-native-macos\4.1.105.Final\netty-resolver-dns-native-macos-4.1.105.Final-osx-x86_64.jar;C:\Users\ahmed\.m2\repository\io\netty\netty-resolver-dns-classes-macos\4.1.105.Final\netty-resolver-dns-classes-macos-4.1.105.Final.jar;C:\Users\ahmed\.m2\repository\io\netty\netty-transport-native-epoll\4.1.105.Final\netty-transport-native-epoll-4.1.105.Final-linux-x86_64.jar;C:\Users\ahmed\.m2\repository\io\netty\netty-transport-native-unix-common\4.1.105.Final\netty-transport-native-unix-common-4.1.105.Final.jar;C:\Users\ahmed\.m2\repository\io\netty\netty-transport-classes-epoll\4.1.105.Final\netty-transport-classes-epoll-4.1.105.Final.jar;C:\Users\ahmed\.m2\repository\io\projectreactor\netty\reactor-netty-core\1.1.15\reactor-netty-core-1.1.15.jar;C:\Users\ahmed\.m2\repository\io\netty\netty-handler-proxy\4.1.105.Final\netty-handler-proxy-4.1.105.Final.jar;C:\Users\ahmed\.m2\repository\io\netty\netty-codec-socks\4.1.105.Final\netty-codec-socks-4.1.105.Final.jar;C:\Users\ahmed\.m2\repository\org\springframework\spring-webflux\6.1.3\spring-webflux-6.1.3.jar;C:\Users\ahmed\.m2\repository\io\projectreactor\reactor-core\3.6.2\reactor-core-3.6.2.jar;C:\Users\ahmed\.m2\repository\org\reactivestreams\reactive-streams\1.0.4\reactive-streams-1.0.4.jar;"/>
    <property name="java.vm.vendor" value="Oracle Corporation"/>
    <property name="sun.arch.data.model" value="64"/>
    <property name="user.variant" value=""/>
    <property name="java.vendor.url" value="https://java.oracle.com/"/>
    <property name="user.timezone" value="Europe/Paris"/>
    <property name="os.name" value="Windows 10"/>
    <property name="java.vm.specification.version" value="17"/>
    <property name="sun.java.launcher" value="SUN_STANDARD"/>
    <property name="user.country" value="US"/>
    <property name="sun.boot.library.path" value="C:\Program Files\Java\jdk-17\bin"/>
    <property name="sun.java.command" value="C:\Users\ahmed\AppData\Local\Temp\surefire5177305020862593584\surefirebooter-20240215135055631_3.jar C:\Users\ahmed\AppData\Local\Temp\surefire5177305020862593584 2024-02-15T13-50-55_079-jvmRun1 surefire-20240215135055631_1tmp surefire_0-20240215135055631_2tmp"/>
    <property name="jdk.debug" value="release"/>
    <property name="surefire.test.class.path" value="C:\Users\ahmed\OneDrive\Bureau\Apps\CODE\Java\fs-pro-dev\target\test-classes;C:\Users\ahmed\OneDrive\Bureau\Apps\CODE\Java\fs-pro-dev\target\classes;C:\Users\ahmed\.m2\repository\org\springframework\boot\spring-boot-starter-web\3.2.2\spring-boot-starter-web-3.2.2.jar;C:\Users\ahmed\.m2\repository\org\springframework\boot\spring-boot-starter\3.2.2\spring-boot-starter-3.2.2.jar;C:\Users\ahmed\.m2\repository\org\springframework\boot\spring-boot\3.2.2\spring-boot-3.2.2.jar;C:\Users\ahmed\.m2\repository\org\springframework\boot\spring-boot-autoconfigure\3.2.2\spring-boot-autoconfigure-3.2.2.jar;C:\Users\ahmed\.m2\repository\org\springframework\boot\spring-boot-starter-logging\3.2.2\spring-boot-starter-logging-3.2.2.jar;C:\Users\ahmed\.m2\repository\ch\qos\logback\logback-classic\1.4.14\logback-classic-1.4.14.jar;C:\Users\ahmed\.m2\repository\ch\qos\logback\logback-core\1.4.14\logback-core-1.4.14.jar;C:\Users\ahmed\.m2\repository\org\apache\logging\log4j\log4j-to-slf4j\2.21.1\log4j-to-slf4j-2.21.1.jar;C:\Users\ahmed\.m2\repository\org\apache\logging\log4j\log4j-api\2.21.1\log4j-api-2.21.1.jar;C:\Users\ahmed\.m2\repository\org\slf4j\jul-to-slf4j\2.0.11\jul-to-slf4j-2.0.11.jar;C:\Users\ahmed\.m2\repository\jakarta\annotation\jakarta.annotation-api\2.1.1\jakarta.annotation-api-2.1.1.jar;C:\Users\ahmed\.m2\repository\org\yaml\snakeyaml\2.2\snakeyaml-2.2.jar;C:\Users\ahmed\.m2\repository\org\springframework\boot\spring-boot-starter-json\3.2.2\spring-boot-starter-json-3.2.2.jar;C:\Users\ahmed\.m2\repository\com\fasterxml\jackson\core\jackson-databind\2.15.3\jackson-databind-2.15.3.jar;C:\Users\ahmed\.m2\repository\com\fasterxml\jackson\datatype\jackson-datatype-jdk8\2.15.3\jackson-datatype-jdk8-2.15.3.jar;C:\Users\ahmed\.m2\repository\com\fasterxml\jackson\datatype\jackson-datatype-jsr310\2.15.3\jackson-datatype-jsr310-2.15.3.jar;C:\Users\ahmed\.m2\repository\com\fasterxml\jackson\module\jackson-module-parameter-names\2.15.3\jackson-module-parameter-names-2.15.3.jar;C:\Users\ahmed\.m2\repository\org\springframework\boot\spring-boot-starter-tomcat\3.2.2\spring-boot-starter-tomcat-3.2.2.jar;C:\Users\ahmed\.m2\repository\org\apache\tomcat\embed\tomcat-embed-core\10.1.18\tomcat-embed-core-10.1.18.jar;C:\Users\ahmed\.m2\repository\org\apache\tomcat\embed\tomcat-embed-el\10.1.18\tomcat-embed-el-10.1.18.jar;C:\Users\ahmed\.m2\repository\org\apache\tomcat\embed\tomcat-embed-websocket\10.1.18\tomcat-embed-websocket-10.1.18.jar;C:\Users\ahmed\.m2\repository\org\springframework\spring-web\6.1.3\spring-web-6.1.3.jar;C:\Users\ahmed\.m2\repository\org\springframework\spring-beans\6.1.3\spring-beans-6.1.3.jar;C:\Users\ahmed\.m2\repository\io\micrometer\micrometer-observation\1.12.2\micrometer-observation-1.12.2.jar;C:\Users\ahmed\.m2\repository\io\micrometer\micrometer-commons\1.12.2\micrometer-commons-1.12.2.jar;C:\Users\ahmed\.m2\repository\org\springframework\spring-webmvc\6.1.3\spring-webmvc-6.1.3.jar;C:\Users\ahmed\.m2\repository\org\springframework\spring-aop\6.1.3\spring-aop-6.1.3.jar;C:\Users\ahmed\.m2\repository\org\springframework\spring-context\6.1.3\spring-context-6.1.3.jar;C:\Users\ahmed\.m2\repository\org\springframework\spring-expression\6.1.3\spring-expression-6.1.3.jar;C:\Users\ahmed\.m2\repository\org\springframework\boot\spring-boot-starter-test\3.2.2\spring-boot-starter-test-3.2.2.jar;C:\Users\ahmed\.m2\repository\org\springframework\boot\spring-boot-test\3.2.2\spring-boot-test-3.2.2.jar;C:\Users\ahmed\.m2\repository\org\springframework\boot\spring-boot-test-autoconfigure\3.2.2\spring-boot-test-autoconfigure-3.2.2.jar;C:\Users\ahmed\.m2\repository\com\jayway\jsonpath\json-path\2.8.0\json-path-2.8.0.jar;C:\Users\ahmed\.m2\repository\jakarta\xml\bind\jakarta.xml.bind-api\4.0.1\jakarta.xml.bind-api-4.0.1.jar;C:\Users\ahmed\.m2\repository\jakarta\activation\jakarta.activation-api\2.1.2\jakarta.activation-api-2.1.2.jar;C:\Users\ahmed\.m2\repository\net\minidev\json-smart\2.5.0\json-smart-2.5.0.jar;C:\Users\ahmed\.m2\repository\net\minidev\accessors-smart\2.5.0\accessors-smart-2.5.0.jar;C:\Users\ahmed\.m2\repository\org\ow2\asm\asm\9.3\asm-9.3.jar;C:\Users\ahmed\.m2\repository\org\assertj\assertj-core\3.24.2\assertj-core-3.24.2.jar;C:\Users\ahmed\.m2\repository\net\bytebuddy\byte-buddy\1.14.11\byte-buddy-1.14.11.jar;C:\Users\ahmed\.m2\repository\org\awaitility\awaitility\4.2.0\awaitility-4.2.0.jar;C:\Users\ahmed\.m2\repository\org\hamcrest\hamcrest\2.2\hamcrest-2.2.jar;C:\Users\ahmed\.m2\repository\org\junit\jupiter\junit-jupiter\5.10.1\junit-jupiter-5.10.1.jar;C:\Users\ahmed\.m2\repository\org\junit\jupiter\junit-jupiter-api\5.10.1\junit-jupiter-api-5.10.1.jar;C:\Users\ahmed\.m2\repository\org\opentest4j\opentest4j\1.3.0\opentest4j-1.3.0.jar;C:\Users\ahmed\.m2\repository\org\junit\platform\junit-platform-commons\1.10.1\junit-platform-commons-1.10.1.jar;C:\Users\ahmed\.m2\repository\org\apiguardian\apiguardian-api\1.1.2\apiguardian-api-1.1.2.jar;C:\Users\ahmed\.m2\repository\org\junit\jupiter\junit-jupiter-params\5.10.1\junit-jupiter-params-5.10.1.jar;C:\Users\ahmed\.m2\repository\org\junit\jupiter\junit-jupiter-engine\5.10.1\junit-jupiter-engine-5.10.1.jar;C:\Users\ahmed\.m2\repository\org\junit\platform\junit-platform-engine\1.10.1\junit-platform-engine-1.10.1.jar;C:\Users\ahmed\.m2\repository\org\mockito\mockito-core\5.7.0\mockito-core-5.7.0.jar;C:\Users\ahmed\.m2\repository\net\bytebuddy\byte-buddy-agent\1.14.11\byte-buddy-agent-1.14.11.jar;C:\Users\ahmed\.m2\repository\org\objenesis\objenesis\3.3\objenesis-3.3.jar;C:\Users\ahmed\.m2\repository\org\mockito\mockito-junit-jupiter\5.7.0\mockito-junit-jupiter-5.7.0.jar;C:\Users\ahmed\.m2\repository\org\skyscreamer\jsonassert\1.5.1\jsonassert-1.5.1.jar;C:\Users\ahmed\.m2\repository\com\vaadin\external\google\android-json\0.0.20131108.vaadin1\android-json-0.0.20131108.vaadin1.jar;C:\Users\ahmed\.m2\repository\org\springframework\spring-core\6.1.3\spring-core-6.1.3.jar;C:\Users\ahmed\.m2\repository\org\springframework\spring-jcl\6.1.3\spring-jcl-6.1.3.jar;C:\Users\ahmed\.m2\repository\org\springframework\spring-test\6.1.3\spring-test-6.1.3.jar;C:\Users\ahmed\.m2\repository\org\xmlunit\xmlunit-core\2.9.1\xmlunit-core-2.9.1.jar;C:\Users\ahmed\.m2\repository\org\springframework\boot\spring-boot-starter-data-jdbc\3.2.2\spring-boot-starter-data-jdbc-3.2.2.jar;C:\Users\ahmed\.m2\repository\org\springframework\boot\spring-boot-starter-jdbc\3.2.2\spring-boot-starter-jdbc-3.2.2.jar;C:\Users\ahmed\.m2\repository\com\zaxxer\HikariCP\5.0.1\HikariCP-5.0.1.jar;C:\Users\ahmed\.m2\repository\org\springframework\spring-jdbc\6.1.3\spring-jdbc-6.1.3.jar;C:\Users\ahmed\.m2\repository\org\springframework\data\spring-data-jdbc\3.2.2\spring-data-jdbc-3.2.2.jar;C:\Users\ahmed\.m2\repository\org\springframework\data\spring-data-relational\3.2.2\spring-data-relational-3.2.2.jar;C:\Users\ahmed\.m2\repository\com\github\jsqlparser\jsqlparser\4.6\jsqlparser-4.6.jar;C:\Users\ahmed\.m2\repository\org\springframework\data\spring-data-commons\3.2.2\spring-data-commons-3.2.2.jar;C:\Users\ahmed\.m2\repository\org\springframework\spring-tx\6.1.3\spring-tx-6.1.3.jar;C:\Users\ahmed\.m2\repository\org\flywaydb\flyway-core\9.22.3\flyway-core-9.22.3.jar;C:\Users\ahmed\.m2\repository\com\fasterxml\jackson\dataformat\jackson-dataformat-toml\2.15.3\jackson-dataformat-toml-2.15.3.jar;C:\Users\ahmed\.m2\repository\com\fasterxml\jackson\core\jackson-core\2.15.3\jackson-core-2.15.3.jar;C:\Users\ahmed\.m2\repository\com\google\code\gson\gson\2.10.1\gson-2.10.1.jar;C:\Users\ahmed\.m2\repository\org\postgresql\postgresql\42.6.0\postgresql-42.6.0.jar;C:\Users\ahmed\.m2\repository\org\checkerframework\checker-qual\3.31.0\checker-qual-3.31.0.jar;C:\Users\ahmed\.m2\repository\com\github\javafaker\javafaker\1.0.2\javafaker-1.0.2.jar;C:\Users\ahmed\.m2\repository\org\apache\commons\commons-lang3\3.13.0\commons-lang3-3.13.0.jar;C:\Users\ahmed\.m2\repository\org\yaml\snakeyaml\1.23\snakeyaml-1.23-android.jar;C:\Users\ahmed\.m2\repository\com\github\mifmif\generex\1.0.2\generex-1.0.2.jar;C:\Users\ahmed\.m2\repository\dk\brics\automaton\automaton\1.11-8\automaton-1.11-8.jar;C:\Users\ahmed\.m2\repository\org\springframework\boot\spring-boot-starter-data-jpa\3.2.2\spring-boot-starter-data-jpa-3.2.2.jar;C:\Users\ahmed\.m2\repository\org\springframework\boot\spring-boot-starter-aop\3.2.2\spring-boot-starter-aop-3.2.2.jar;C:\Users\ahmed\.m2\repository\org\aspectj\aspectjweaver\1.9.21\aspectjweaver-1.9.21.jar;C:\Users\ahmed\.m2\repository\org\hibernate\orm\hibernate-core\6.4.1.Final\hibernate-core-6.4.1.Final.jar;C:\Users\ahmed\.m2\repository\jakarta\persistence\jakarta.persistence-api\3.1.0\jakarta.persistence-api-3.1.0.jar;C:\Users\ahmed\.m2\repository\jakarta\transaction\jakarta.transaction-api\2.0.1\jakarta.transaction-api-2.0.1.jar;C:\Users\ahmed\.m2\repository\org\jboss\logging\jboss-logging\3.5.3.Final\jboss-logging-3.5.3.Final.jar;C:\Users\ahmed\.m2\repository\org\hibernate\common\hibernate-commons-annotations\6.0.6.Final\hibernate-commons-annotations-6.0.6.Final.jar;C:\Users\ahmed\.m2\repository\io\smallrye\jandex\3.1.2\jandex-3.1.2.jar;C:\Users\ahmed\.m2\repository\com\fasterxml\classmate\1.6.0\classmate-1.6.0.jar;C:\Users\ahmed\.m2\repository\org\glassfish\jaxb\jaxb-runtime\4.0.4\jaxb-runtime-4.0.4.jar;C:\Users\ahmed\.m2\repository\org\glassfish\jaxb\jaxb-core\4.0.4\jaxb-core-4.0.4.jar;C:\Users\ahmed\.m2\repository\org\eclipse\angus\angus-activation\2.0.1\angus-activation-2.0.1.jar;C:\Users\ahmed\.m2\repository\org\glassfish\jaxb\txw2\4.0.4\txw2-4.0.4.jar;C:\Users\ahmed\.m2\repository\com\sun\istack\istack-commons-runtime\4.1.2\istack-commons-runtime-4.1.2.jar;C:\Users\ahmed\.m2\repository\jakarta\inject\jakarta.inject-api\2.0.1\jakarta.inject-api-2.0.1.jar;C:\Users\ahmed\.m2\repository\org\antlr\antlr4-runtime\4.13.0\antlr4-runtime-4.13.0.jar;C:\Users\ahmed\.m2\repository\org\springframework\data\spring-data-jpa\3.2.2\spring-data-jpa-3.2.2.jar;C:\Users\ahmed\.m2\repository\org\springframework\spring-orm\6.1.3\spring-orm-6.1.3.jar;C:\Users\ahmed\.m2\repository\org\springframework\spring-aspects\6.1.3\spring-aspects-6.1.3.jar;C:\Users\ahmed\.m2\repository\org\testcontainers\testcontainers\1.17.6\testcontainers-1.17.6.jar;C:\Users\ahmed\.m2\repository\junit\junit\4.13.2\junit-4.13.2.jar;C:\Users\ahmed\.m2\repository\org\hamcrest\hamcrest-core\2.2\hamcrest-core-2.2.jar;C:\Users\ahmed\.m2\repository\org\slf4j\slf4j-api\2.0.11\slf4j-api-2.0.11.jar;C:\Users\ahmed\.m2\repository\org\apache\commons\commons-compress\1.22\commons-compress-1.22.jar;C:\Users\ahmed\.m2\repository\org\rnorth\duct-tape\duct-tape\1.0.8\duct-tape-1.0.8.jar;C:\Users\ahmed\.m2\repository\org\jetbrains\annotations\17.0.0\annotations-17.0.0.jar;C:\Users\ahmed\.m2\repository\com\github\docker-java\docker-java-api\3.2.13\docker-java-api-3.2.13.jar;C:\Users\ahmed\.m2\repository\com\fasterxml\jackson\core\jackson-annotations\2.15.3\jackson-annotations-2.15.3.jar;C:\Users\ahmed\.m2\repository\com\github\docker-java\docker-java-transport-zerodep\3.2.13\docker-java-transport-zerodep-3.2.13.jar;C:\Users\ahmed\.m2\repository\com\github\docker-java\docker-java-transport\3.2.13\docker-java-transport-3.2.13.jar;C:\Users\ahmed\.m2\repository\net\java\dev\jna\jna\5.8.0\jna-5.8.0.jar;C:\Users\ahmed\.m2\repository\org\testcontainers\junit-jupiter\1.19.4\junit-jupiter-1.19.4.jar;C:\Users\ahmed\.m2\repository\org\testcontainers\postgresql\1.17.6\postgresql-1.17.6.jar;C:\Users\ahmed\.m2\repository\org\testcontainers\jdbc\1.19.3\jdbc-1.19.3.jar;C:\Users\ahmed\.m2\repository\org\testcontainers\database-commons\1.19.3\database-commons-1.19.3.jar;C:\Users\ahmed\.m2\repository\org\springframework\boot\spring-boot-starter-webflux\3.2.2\spring-boot-starter-webflux-3.2.2.jar;C:\Users\ahmed\.m2\repository\org\springframework\boot\spring-boot-starter-reactor-netty\3.2.2\spring-boot-starter-reactor-netty-3.2.2.jar;C:\Users\ahmed\.m2\repository\io\projectreactor\netty\reactor-netty-http\1.1.15\reactor-netty-http-1.1.15.jar;C:\Users\ahmed\.m2\repository\io\netty\netty-codec-http\4.1.105.Final\netty-codec-http-4.1.105.Final.jar;C:\Users\ahmed\.m2\repository\io\netty\netty-common\4.1.105.Final\netty-common-4.1.105.Final.jar;C:\Users\ahmed\.m2\repository\io\netty\netty-buffer\4.1.105.Final\netty-buffer-4.1.105.Final.jar;C:\Users\ahmed\.m2\repository\io\netty\netty-transport\4.1.105.Final\netty-transport-4.1.105.Final.jar;C:\Users\ahmed\.m2\repository\io\netty\netty-codec\4.1.105.Final\netty-codec-4.1.105.Final.jar;C:\Users\ahmed\.m2\repository\io\netty\netty-handler\4.1.105.Final\netty-handler-4.1.105.Final.jar;C:\Users\ahmed\.m2\repository\io\netty\netty-codec-http2\4.1.105.Final\netty-codec-http2-4.1.105.Final.jar;C:\Users\ahmed\.m2\repository\io\netty\netty-resolver-dns\4.1.105.Final\netty-resolver-dns-4.1.105.Final.jar;C:\Users\ahmed\.m2\repository\io\netty\netty-resolver\4.1.105.Final\netty-resolver-4.1.105.Final.jar;C:\Users\ahmed\.m2\repository\io\netty\netty-codec-dns\4.1.105.Final\netty-codec-dns-4.1.105.Final.jar;C:\Users\ahmed\.m2\repository\io\netty\netty-resolver-dns-native-macos\4.1.105.Final\netty-resolver-dns-native-macos-4.1.105.Final-osx-x86_64.jar;C:\Users\ahmed\.m2\repository\io\netty\netty-resolver-dns-classes-macos\4.1.105.Final\netty-resolver-dns-classes-macos-4.1.105.Final.jar;C:\Users\ahmed\.m2\repository\io\netty\netty-transport-native-epoll\4.1.105.Final\netty-transport-native-epoll-4.1.105.Final-linux-x86_64.jar;C:\Users\ahmed\.m2\repository\io\netty\netty-transport-native-unix-common\4.1.105.Final\netty-transport-native-unix-common-4.1.105.Final.jar;C:\Users\ahmed\.m2\repository\io\netty\netty-transport-classes-epoll\4.1.105.Final\netty-transport-classes-epoll-4.1.105.Final.jar;C:\Users\ahmed\.m2\repository\io\projectreactor\netty\reactor-netty-core\1.1.15\reactor-netty-core-1.1.15.jar;C:\Users\ahmed\.m2\repository\io\netty\netty-handler-proxy\4.1.105.Final\netty-handler-proxy-4.1.105.Final.jar;C:\Users\ahmed\.m2\repository\io\netty\netty-codec-socks\4.1.105.Final\netty-codec-socks-4.1.105.Final.jar;C:\Users\ahmed\.m2\repository\org\springframework\spring-webflux\6.1.3\spring-webflux-6.1.3.jar;C:\Users\ahmed\.m2\repository\io\projectreactor\reactor-core\3.6.2\reactor-core-3.6.2.jar;C:\Users\ahmed\.m2\repository\org\reactivestreams\reactive-streams\1.0.4\reactive-streams-1.0.4.jar;"/>
    <property name="sun.cpu.endian" value="little"/>
    <property name="user.home" value="C:\Users\ahmed"/>
    <property name="user.language" value="en"/>
    <property name="java.specification.vendor" value="Oracle Corporation"/>
    <property name="java.version.date" value="2023-04-18"/>
    <property name="java.home" value="C:\Program Files\Java\jdk-17"/>
    <property name="file.separator" value="\"/>
    <property name="basedir" value="C:\Users\ahmed\OneDrive\Bureau\Apps\CODE\Java\fs-pro-dev"/>
    <property name="java.vm.compressedOopsMode" value="Zero based"/>
    <property name="line.separator" value="&#10;"/>
    <property name="java.vm.specification.vendor" value="Oracle Corporation"/>
    <property name="java.specification.name" value="Java Platform API Specification"/>
    <property name="surefire.real.class.path" value="C:\Users\ahmed\AppData\Local\Temp\surefire5177305020862593584\surefirebooter-20240215135055631_3.jar"/>
    <property name="user.script" value=""/>
    <property name="sun.management.compiler" value="HotSpot 64-Bit Tiered Compilers"/>
    <property name="java.runtime.version" value="17.0.7+8-LTS-224"/>
    <property name="user.name" value="ahmed"/>
    <property name="path.separator" value=";"/>
    <property name="os.version" value="10.0"/>
    <property name="java.runtime.name" value="Java(TM) SE Runtime Environment"/>
    <property name="file.encoding" value="Cp1252"/>
    <property name="java.vm.name" value="Java HotSpot(TM) 64-Bit Server VM"/>
    <property name="localRepository" value="C:\Users\ahmed\.m2\repository"/>
    <property name="java.vendor.url.bug" value="https://bugreport.java.com/bugreport/"/>
    <property name="java.io.tmpdir" value="C:\Users\ahmed\AppData\Local\Temp\"/>
    <property name="com.zaxxer.hikari.pool_number" value="10"/>
    <property name="java.version" value="17.0.7"/>
    <property name="user.dir" value="C:\Users\ahmed\OneDrive\Bureau\Apps\CODE\Java\fs-pro-dev"/>
    <property name="os.arch" value="amd64"/>
    <property name="java.vm.specification.name" value="Java Virtual Machine Specification"/>
    <property name="sun.os.patch.level" value=""/>
    <property name="native.encoding" value="Cp1252"/>
    <property name="java.library.path" value="C:\Program Files\Java\jdk-17\bin;C:\Windows\Sun\Java\bin;C:\Windows\system32;C:\Windows;C:\Program Files\NVIDIA GPU Computing Toolkit\CUDA\v11.2\bin;C:\Program Files\NVIDIA GPU Computing Toolkit\CUDA\v11.2\libnvvp;C:\Program Files\Common Files\Oracle\Java\javapath;C:\Windows\system32;C:\Windows;C:\Windows\System32\Wbem;C:\Windows\System32\WindowsPowerShell\v1.0\;C:\Windows\System32\OpenSSH\;C:\Program Files\NVIDIA Corporation\NVIDIA NvDLISR;C:\Program Files (x86)\NVIDIA Corporation\PhysX\Common;C:\ProgramData\chocolatey\bin;C:\Program Files\Git\cmd;C:\Program Files (x86)\Windows Kits\10\Windows Performance Toolkit\;C:\Program Files\NVIDIA Corporation\Nsight Compute 2020.3.0\;C:\Program Files\Docker\Docker\resources\bin;C:\Program Files\nodejs\;C:\apache-maven-3.9.6\bin;C:\Program Files\Java\jdk-17\bin;C:\Users\ahmed\AppData\Local\Microsoft\WindowsApps;C:\Users\ahmed\AppData\Local\Programs\Microsoft VS Code\bin;C:\Program Files\NVIDIA GPU Computing Toolkit\CUDA\v11.2\bin;C:\Program Files\NVIDIA GPU Computing Toolkit\CUDA\v11.2\libnvvp;C:\Users\ahmed\AppData\Local\Google\Cloud SDK\google-cloud-sdk\bin;C:\Users\ahmed\AppData\Roaming\npm;C:\Users\ahmed\AppData\Local\JetBrains\Toolbox\scripts;C:\Users\ahmed\AppData\Local\GitHubDesktop\bin;."/>
    <property name="java.vm.info" value="mixed mode, sharing"/>
    <property name="java.vendor" value="Oracle Corporation"/>
    <property name="java.vm.version" value="17.0.7+8-LTS-224"/>
    <property name="sun.io.unicode.encoding" value="UnicodeLittle"/>
    <property name="java.class.version" value="61.0"/>
  </properties>
  <testcase name="existsPersonWithId" classname="com.asxms.customer.CustomerJDBCDataAccessServiceTest" time="0.488">
    <system-out><![CDATA[13:50:57.703 [main] INFO org.testcontainers.utility.ImageNameSubstitutor -- Image name substitution will be performed by: DefaultImageNameSubstitutor (composite of 'ConfigurationFileImageNameSubstitutor' and 'PrefixingImageNameSubstitutor')
13:50:57.830 [main] INFO org.testcontainers.dockerclient.DockerClientProviderStrategy -- Loaded org.testcontainers.dockerclient.NpipeSocketClientProviderStrategy from ~/.testcontainers.properties, will try it first
13:50:58.749 [main] INFO org.testcontainers.dockerclient.DockerClientProviderStrategy -- Found Docker environment with local Npipe socket (npipe:////./pipe/docker_engine)
13:50:58.755 [main] INFO org.testcontainers.DockerClientFactory -- Docker host IP address is localhost
13:50:58.860 [main] INFO org.testcontainers.DockerClientFactory -- Connected to docker: 
  Server Version: 24.0.6
  API Version: 1.43
  Operating System: Docker Desktop
  Total Memory: 7892 MB
13:50:58.906 [main] INFO docker[testcontainers/ryuk:0.3.4] -- Creating container for image: testcontainers/ryuk:0.3.4
13:50:59.439 [main] INFO docker[testcontainers/ryuk:0.3.4] -- Container testcontainers/ryuk:0.3.4 is starting: db5383e9906ee9739dd07d845b9d00ac0ef9e754b8f547513149972c1a460414
13:51:00.101 [main] INFO docker[testcontainers/ryuk:0.3.4] -- Container testcontainers/ryuk:0.3.4 started in PT1.2229678S
13:51:00.110 [main] INFO org.testcontainers.utility.RyukResourceReaper -- Ryuk started - will monitor and terminate Testcontainers containers on JVM exit
13:51:00.110 [main] INFO org.testcontainers.DockerClientFactory -- Checking the system...
13:51:00.111 [main] INFO org.testcontainers.DockerClientFactory -- ?? Docker server version should be at least 1.6.0
13:51:00.111 [main] INFO docker[postgres:latest] -- Creating container for image: postgres:latest
13:51:00.190 [main] INFO docker[postgres:latest] -- Container postgres:latest is starting: 1bef3afa7ce85f465a85886e34d06677d972e75c105c20e8ddc9d3a4d95dfd02
13:51:04.150 [main] INFO docker[postgres:latest] -- Container postgres:latest started in PT4.0391327S
13:51:04.150 [main] INFO docker[postgres:latest] -- Container is started (JDBC URL: jdbc:postgresql://localhost:52364/asxms-dao-unit-test?loggerLevel=OFF)
13:51:04.269 [main] INFO org.flywaydb.core.internal.license.VersionPrinter -- Flyway Community Edition 9.22.3 by Redgate
13:51:04.269 [main] INFO org.flywaydb.core.internal.license.VersionPrinter -- See release notes here: https://rd.gt/416ObMi
13:51:04.269 [main] INFO org.flywaydb.core.internal.license.VersionPrinter -- 
13:51:04.576 [main] INFO org.flywaydb.core.FlywayExecutor -- Database: jdbc:postgresql://localhost:52364/asxms-dao-unit-test (PostgreSQL 16.1)
13:51:04.591 [main] WARN org.flywaydb.core.internal.database.base.Database -- Flyway upgrade recommended: PostgreSQL 16.1 is newer than this version of Flyway and support has not been tested. The latest supported version of PostgreSQL is 15.
13:51:04.631 [main] INFO org.flywaydb.core.internal.schemahistory.JdbcTableSchemaHistory -- Schema history table "public"."flyway_schema_history" does not exist yet
13:51:04.637 [main] INFO org.flywaydb.core.internal.command.DbValidate -- Successfully validated 2 migrations (execution time 00:00.032s)
13:51:04.667 [main] INFO org.flywaydb.core.internal.schemahistory.JdbcTableSchemaHistory -- Creating Schema History table "public"."flyway_schema_history" ...
13:51:04.736 [main] INFO org.flywaydb.core.internal.command.DbMigrate -- Current version of schema "public": << Empty Schema >>
13:51:04.750 [main] INFO org.flywaydb.core.internal.command.DbMigrate -- Migrating schema "public" to version "1 - Initial Setup"
13:51:04.794 [main] INFO org.flywaydb.core.internal.command.DbMigrate -- Migrating schema "public" to version "2 - Add Unique Constraint To Customer Email"
13:51:04.821 [main] INFO org.flywaydb.core.internal.command.DbMigrate -- Successfully applied 2 migrations to schema "public", now at version v2 (execution time 00:00.022s)
13:51:05.104 [main] INFO com.zaxxer.hikari.HikariDataSource -- HikariPool-1 - Starting...
13:51:05.154 [main] INFO com.zaxxer.hikari.pool.HikariPool -- HikariPool-1 - Added connection org.postgresql.jdbc.PgConnection@6182ffef
13:51:05.156 [main] INFO com.zaxxer.hikari.HikariDataSource -- HikariPool-1 - Start completed.
]]></system-out>
  </testcase>
  <testcase name="deleteCustomerById" classname="com.asxms.customer.CustomerJDBCDataAccessServiceTest" time="0.044">
    <system-out><![CDATA[13:51:05.335 [main] INFO com.zaxxer.hikari.HikariDataSource -- HikariPool-2 - Starting...
13:51:05.363 [main] INFO com.zaxxer.hikari.pool.HikariPool -- HikariPool-2 - Added connection org.postgresql.jdbc.PgConnection@27dc335a
13:51:05.363 [main] INFO com.zaxxer.hikari.HikariDataSource -- HikariPool-2 - Start completed.
]]></system-out>
  </testcase>
  <testcase name="updateCustomerName" classname="com.asxms.customer.CustomerJDBCDataAccessServiceTest" time="0.063">
    <system-out><![CDATA[13:51:05.378 [main] INFO com.zaxxer.hikari.HikariDataSource -- HikariPool-3 - Starting...
13:51:05.420 [main] INFO com.zaxxer.hikari.pool.HikariPool -- HikariPool-3 - Added connection org.postgresql.jdbc.PgConnection@2bfc8558
13:51:05.421 [main] INFO com.zaxxer.hikari.HikariDataSource -- HikariPool-3 - Start completed.
]]></system-out>
  </testcase>
  <testcase name="getAllCustomer" classname="com.asxms.customer.CustomerJDBCDataAccessServiceTest" time="0.041">
    <system-out><![CDATA[13:51:05.442 [main] INFO com.zaxxer.hikari.HikariDataSource -- HikariPool-4 - Starting...
13:51:05.466 [main] INFO com.zaxxer.hikari.pool.HikariPool -- HikariPool-4 - Added connection org.postgresql.jdbc.PgConnection@5d2e6f62
13:51:05.466 [main] INFO com.zaxxer.hikari.HikariDataSource -- HikariPool-4 - Start completed.
]]></system-out>
  </testcase>
  <testcase name="existsPersonWithEmail" classname="com.asxms.customer.CustomerJDBCDataAccessServiceTest" time="0.059">
    <system-out><![CDATA[13:51:05.489 [main] INFO com.zaxxer.hikari.HikariDataSource -- HikariPool-5 - Starting...
13:51:05.537 [main] INFO com.zaxxer.hikari.pool.HikariPool -- HikariPool-5 - Added connection org.postgresql.jdbc.PgConnection@8ac512e
13:51:05.537 [main] INFO com.zaxxer.hikari.HikariDataSource -- HikariPool-5 - Start completed.
]]></system-out>
  </testcase>
  <testcase name="updateAllValuesFromCustomer" classname="com.asxms.customer.CustomerJDBCDataAccessServiceTest" time="0.062">
    <system-out><![CDATA[13:51:05.548 [main] INFO com.zaxxer.hikari.HikariDataSource -- HikariPool-6 - Starting...
13:51:05.586 [main] INFO com.zaxxer.hikari.pool.HikariPool -- HikariPool-6 - Added connection org.postgresql.jdbc.PgConnection@d85b399
13:51:05.586 [main] INFO com.zaxxer.hikari.HikariDataSource -- HikariPool-6 - Start completed.
]]></system-out>
  </testcase>
  <testcase name="updateCustomerAge" classname="com.asxms.customer.CustomerJDBCDataAccessServiceTest" time="0.061">
    <system-out><![CDATA[13:51:05.611 [main] INFO com.zaxxer.hikari.HikariDataSource -- HikariPool-7 - Starting...
13:51:05.644 [main] INFO com.zaxxer.hikari.pool.HikariPool -- HikariPool-7 - Added connection org.postgresql.jdbc.PgConnection@7d6c4079
13:51:05.644 [main] INFO com.zaxxer.hikari.HikariDataSource -- HikariPool-7 - Start completed.
]]></system-out>
  </testcase>
  <testcase name="selectCustomerById" classname="com.asxms.customer.CustomerJDBCDataAccessServiceTest" time="0.047">
    <system-out><![CDATA[13:51:05.673 [main] INFO com.zaxxer.hikari.HikariDataSource -- HikariPool-8 - Starting...
13:51:05.703 [main] INFO com.zaxxer.hikari.pool.HikariPool -- HikariPool-8 - Added connection org.postgresql.jdbc.PgConnection@31b741e2
13:51:05.703 [main] INFO com.zaxxer.hikari.HikariDataSource -- HikariPool-8 - Start completed.
]]></system-out>
  </testcase>
  <testcase name="insertCustomer" classname="com.asxms.customer.CustomerJDBCDataAccessServiceTest" time="0.051">
    <system-out><![CDATA[13:51:05.721 [main] INFO com.zaxxer.hikari.HikariDataSource -- HikariPool-9 - Starting...
13:51:05.761 [main] INFO com.zaxxer.hikari.pool.HikariPool -- HikariPool-9 - Added connection org.postgresql.jdbc.PgConnection@4b5798c2
13:51:05.761 [main] INFO com.zaxxer.hikari.HikariDataSource -- HikariPool-9 - Start completed.
]]></system-out>
  </testcase>
  <testcase name="updateCustomerEmail" classname="com.asxms.customer.CustomerJDBCDataAccessServiceTest" time="0.048">
    <system-out><![CDATA[13:51:05.771 [main] INFO com.zaxxer.hikari.HikariDataSource -- HikariPool-10 - Starting...
13:51:05.805 [main] INFO com.zaxxer.hikari.pool.HikariPool -- HikariPool-10 - Added connection org.postgresql.jdbc.PgConnection@31ab4859
13:51:05.805 [main] INFO com.zaxxer.hikari.HikariDataSource -- HikariPool-10 - Start completed.
]]></system-out>
  </testcase>
</testsuite>